<?xml version="1.0" encoding="UTF-8"?>
<robot generator="Robot 7.1.1 (Python 3.9.0 on win32)" generated="2024-12-09T14:20:00.765049" rpa="false" schemaversion="5">
<suite id="s1" name="Courses" source="C:\Users\Snapp\PycharmProjects\Test\Courses.robot">
<test id="s1-t1" name="Open Website And Select Free Course" line="14">
<kw name="Open Browser" owner="SeleniumLibrary">
<msg time="2024-12-09T14:20:01.062396" level="INFO">Opening browser 'Chrome' to base url 'https://ultimateqa.com/automation#'.</msg>
<arg>${URL}</arg>
<arg>${BROWSER}</arg>
<doc>Opens a new browser instance to the optional ``url``.</doc>
<status status="PASS" start="2024-12-09T14:20:01.060815" elapsed="34.269812"/>
</kw>
<kw name="Maximize Browser Window" owner="SeleniumLibrary">
<doc>Maximizes current browser window.</doc>
<status status="PASS" start="2024-12-09T14:20:35.332306" elapsed="0.047757"/>
</kw>
<kw name="Click Element" owner="SeleniumLibrary">
<msg time="2024-12-09T14:20:35.384456" level="INFO">Clicking element 'xpath://a[contains(text(),'Education')]'.</msg>
<arg>${EDUCATION_TAB}</arg>
<doc>Click the element identified by ``locator``.</doc>
<status status="PASS" start="2024-12-09T14:20:35.381687" elapsed="0.134870"/>
</kw>
<kw name="Wait Until Element Is Visible" owner="SeleniumLibrary">
<arg>${FREE_COURSE}</arg>
<arg>timeout=5s</arg>
<doc>Waits until the element ``locator`` is visible.</doc>
<status status="PASS" start="2024-12-09T14:20:35.518563" elapsed="0.142267"/>
</kw>
<kw name="Click Element" owner="SeleniumLibrary">
<msg time="2024-12-09T14:20:35.662427" level="INFO">Clicking element 'xpath://a[contains(text(),'Free Course')]'.</msg>
<arg>${FREE_COURSE}</arg>
<doc>Click the element identified by ``locator``.</doc>
<status status="PASS" start="2024-12-09T14:20:35.661906" elapsed="0.075807"/>
</kw>
<kw name="Close Browser" owner="SeleniumLibrary">
<doc>Closes the current browser.</doc>
<status status="PASS" start="2024-12-09T14:20:35.738301" elapsed="23.130125"/>
</kw>
<doc>کردن سایت باز و انتخاب تب فری کورس از اجوکیشن</doc>
<status status="PASS" start="2024-12-09T14:20:01.057814" elapsed="57.811614"/>
</test>
<status status="PASS" start="2024-12-09T14:20:00.766049" elapsed="58.104287"/>
</suite>
<statistics>
<total>
<stat pass="1" fail="0" skip="0">All Tests</stat>
</total>
<tag>
</tag>
<suite>
<stat pass="1" fail="0" skip="0" id="s1" name="Courses">Courses</stat>
</suite>
</statistics>
<errors>
</errors>
</robot>
