<?xml version="1.0" encoding="UTF-8"?>
<robot generator="Robot 7.1.1 (Python 3.9.0 on win32)" generated="2024-12-09T12:58:01.154534" rpa="false" schemaversion="5">
<suite id="s1" name="Courses" source="C:\Users\Snapp\PycharmProjects\Test\Courses.robot">
<test id="s1-t1" name="Open Website And Select Free Course" line="11">
<kw name="Open Browser" owner="SeleniumLibrary">
<msg time="2024-12-09T12:58:01.413606" level="INFO">Opening browser 'Chrome' to base url 'https://ultimateqa.com/automation#'.</msg>
<arg>${URL}</arg>
<arg>${BROWSER}</arg>
<doc>Opens a new browser instance to the optional ``url``.</doc>
<status status="PASS" start="2024-12-09T12:58:01.412605" elapsed="32.060593"/>
</kw>
<kw name="Maximize Browser Window" owner="SeleniumLibrary">
<doc>Maximizes current browser window.</doc>
<status status="PASS" start="2024-12-09T12:58:33.474327" elapsed="0.023229"/>
</kw>
<kw name="Click Element" owner="SeleniumLibrary">
<msg time="2024-12-09T12:58:33.498558" level="INFO">Clicking element 'xpath://a[contains(text(),'Education')]'.</msg>
<arg>${EDUCATION_TAB}</arg>
<doc>Click the element identified by ``locator``.</doc>
<status status="PASS" start="2024-12-09T12:58:33.497556" elapsed="0.088153"/>
</kw>
<kw name="Wait Until Element Is Visible" owner="SeleniumLibrary">
<arg>${FREE_COURSE}</arg>
<arg>timeout=5s</arg>
<doc>Waits until the element ``locator`` is visible.</doc>
<status status="PASS" start="2024-12-09T12:58:33.586714" elapsed="0.155113"/>
</kw>
<kw name="Click Element" owner="SeleniumLibrary">
<msg time="2024-12-09T12:58:33.742879" level="INFO">Clicking element 'xpath://a[contains(text(),'Free Course')]'.</msg>
<arg>${FREE_COURSE}</arg>
<doc>Click the element identified by ``locator``.</doc>
<status status="PASS" start="2024-12-09T12:58:33.742368" elapsed="0.066643"/>
</kw>
<kw name="Close Browser" owner="SeleniumLibrary">
<doc>Closes the current browser.</doc>
<status status="PASS" start="2024-12-09T12:58:33.810138" elapsed="23.151611"/>
</kw>
<doc>باز کردن سایت و انتخاب تب فری کورس از اجوکیشن</doc>
<status status="PASS" start="2024-12-09T12:58:01.411606" elapsed="55.551142"/>
</test>
<status status="PASS" start="2024-12-09T12:58:01.155534" elapsed="55.810879"/>
</suite>
<statistics>
<total>
<stat pass="1" fail="0" skip="0">All Tests</stat>
</total>
<tag>
</tag>
<suite>
<stat pass="1" fail="0" skip="0" id="s1" name="Courses">Courses</stat>
</suite>
</statistics>
<errors>
</errors>
</robot>
